2022-01-06 12:01:00.279 [main] INFO  com.imooc.user.Application - Starting Application on WIN-7VQNHURFF0P with PID 383892 (D:\java\code\imooc-news-dev\imooc-news-dev-service-user\target\classes started by Administrator in D:\java\code\imooc-news-dev)
2022-01-06 12:01:00.283 [main] INFO  com.imooc.user.Application - The following profiles are active: dev
2022-01-06 12:01:01.662 [main] INFO  o.s.b.w.e.tomcat.TomcatWebServer - Tomcat initialized with port(s): 8013 (http)
2022-01-06 12:01:01.674 [main] INFO  o.a.coyote.http11.Http11NioProtocol - Initializing ProtocolHandler ["http-nio-8013"]
2022-01-06 12:01:01.675 [main] INFO  o.a.catalina.core.StandardService - Starting service [Tomcat]
2022-01-06 12:01:01.676 [main] INFO  o.a.catalina.core.StandardEngine - Starting Servlet engine: [Apache Tomcat/9.0.31]
2022-01-06 12:01:01.819 [main] INFO  o.a.c.c.C.[Tomcat].[localhost].[/] - Initializing Spring embedded WebApplicationContext
2022-01-06 12:01:01.820 [main] INFO  o.s.web.context.ContextLoader - Root WebApplicationContext: initialization completed in 1430 ms
2022-01-06 12:01:02.028 [main] INFO  o.s.s.c.ThreadPoolTaskExecutor - Initializing ExecutorService 'applicationTaskExecutor'
2022-01-06 12:01:02.193 [main] INFO  o.a.coyote.http11.Http11NioProtocol - Starting ProtocolHandler ["http-nio-8013"]
2022-01-06 12:01:02.273 [main] INFO  o.s.b.w.e.tomcat.TomcatWebServer - Tomcat started on port(s): 8013 (http) with context path ''
2022-01-06 12:01:02.277 [main] INFO  com.imooc.user.Application - Started Application in 3.235 seconds (JVM running for 4.122)
2022-01-06 12:01:04.156 [http-nio-8013-exec-1] INFO  o.a.c.c.C.[Tomcat].[localhost].[/] - Initializing Spring DispatcherServlet 'dispatcherServlet'
2022-01-06 12:01:04.156 [http-nio-8013-exec-1] INFO  o.s.web.servlet.DispatcherServlet - Initializing Servlet 'dispatcherServlet'
2022-01-06 12:01:04.163 [http-nio-8013-exec-1] INFO  o.s.web.servlet.DispatcherServlet - Completed initialization in 7 ms
2022-01-06 12:01:04.187 [http-nio-8013-exec-1] INFO  c.i.user.controller.HelloController - info
2022-01-06 12:01:04.187 [http-nio-8013-exec-1] WARN  c.i.user.controller.HelloController - warn
2022-01-06 12:01:04.187 [http-nio-8013-exec-1] ERROR c.i.user.controller.HelloController - error
2022-01-06 15:03:30.319 [main] INFO  com.imooc.user.Application - Starting Application on WIN-7VQNHURFF0P with PID 408976 (D:\java\code\imooc-news-dev\imooc-news-dev-service-user\target\classes started by Administrator in D:\java\code\imooc-news-dev)
2022-01-06 15:03:30.323 [main] INFO  com.imooc.user.Application - The following profiles are active: dev
2022-01-06 15:03:32.773 [main] INFO  o.s.b.w.e.tomcat.TomcatWebServer - Tomcat initialized with port(s): 8013 (http)
2022-01-06 15:03:32.790 [main] INFO  o.a.coyote.http11.Http11NioProtocol - Initializing ProtocolHandler ["http-nio-8013"]
2022-01-06 15:03:32.791 [main] INFO  o.a.catalina.core.StandardService - Starting service [Tomcat]
2022-01-06 15:03:32.791 [main] INFO  o.a.catalina.core.StandardEngine - Starting Servlet engine: [Apache Tomcat/9.0.31]
2022-01-06 15:03:33.013 [main] INFO  o.a.c.c.C.[Tomcat].[localhost].[/] - Initializing Spring embedded WebApplicationContext
2022-01-06 15:03:33.014 [main] INFO  o.s.web.context.ContextLoader - Root WebApplicationContext: initialization completed in 2521 ms
2022-01-06 15:03:33.372 [main] INFO  o.s.s.c.ThreadPoolTaskExecutor - Initializing ExecutorService 'applicationTaskExecutor'
2022-01-06 15:03:33.666 [main] INFO  o.a.coyote.http11.Http11NioProtocol - Starting ProtocolHandler ["http-nio-8013"]
2022-01-06 15:03:33.718 [main] INFO  o.s.b.w.e.tomcat.TomcatWebServer - Tomcat started on port(s): 8013 (http) with context path ''
2022-01-06 15:03:33.724 [main] INFO  com.imooc.user.Application - Started Application in 4.667 seconds (JVM running for 7.779)
2022-01-06 15:03:52.174 [http-nio-8013-exec-3] INFO  o.a.c.c.C.[Tomcat].[localhost].[/] - Initializing Spring DispatcherServlet 'dispatcherServlet'
2022-01-06 15:03:52.175 [http-nio-8013-exec-3] INFO  o.s.web.servlet.DispatcherServlet - Initializing Servlet 'dispatcherServlet'
2022-01-06 15:03:52.182 [http-nio-8013-exec-3] INFO  o.s.web.servlet.DispatcherServlet - Completed initialization in 7 ms
2022-01-06 15:03:52.211 [http-nio-8013-exec-3] INFO  c.i.user.controller.HelloController - info
2022-01-06 15:03:52.212 [http-nio-8013-exec-3] WARN  c.i.user.controller.HelloController - warn
2022-01-06 15:03:52.212 [http-nio-8013-exec-3] ERROR c.i.user.controller.HelloController - error
